::1 - - [Mon, 07 Nov 2016 16:10:57 GMT] "GET / HTTP/1.1" 200 6409 "-" "Mozilla/5.0 (Windows NT 6.1; WOW64) AppleWebKit/537.36 (KHTML, like Gecko) Chrome/45.0.2454.101 Safari/537.36"
::1 - - [Mon, 07 Nov 2016 16:10:57 GMT] "GET /stylesheets/style.css HTTP/1.1" 200 12745 "http://localhost:3002/" "Mozilla/5.0 (Windows NT 6.1; WOW64) AppleWebKit/537.36 (KHTML, like Gecko) Chrome/45.0.2454.101 Safari/537.36"
::1 - - [Mon, 07 Nov 2016 16:10:57 GMT] "GET /img/badge_blue.png HTTP/1.1" 200 207 "http://localhost:3002/" "Mozilla/5.0 (Windows NT 6.1; WOW64) AppleWebKit/537.36 (KHTML, like Gecko) Chrome/45.0.2454.101 Safari/537.36"
::1 - - [Mon, 07 Nov 2016 16:10:58 GMT] "GET /media/video-banner-poster.png HTTP/1.1" 200 606362 "http://localhost:3002/" "Mozilla/5.0 (Windows NT 6.1; WOW64) AppleWebKit/537.36 (KHTML, like Gecko) Chrome/45.0.2454.101 Safari/537.36"
::1 - - [Mon, 07 Nov 2016 16:10:58 GMT] "GET /images/case-education.png HTTP/1.1" 200 237715 "http://localhost:3002/stylesheets/style.css" "Mozilla/5.0 (Windows NT 6.1; WOW64) AppleWebKit/537.36 (KHTML, like Gecko) Chrome/45.0.2454.101 Safari/537.36"
::1 - - [Mon, 07 Nov 2016 16:10:58 GMT] "GET /images/case-administration.png HTTP/1.1" 200 225526 "http://localhost:3002/stylesheets/style.css" "Mozilla/5.0 (Windows NT 6.1; WOW64) AppleWebKit/537.36 (KHTML, like Gecko) Chrome/45.0.2454.101 Safari/537.36"
::1 - - [Mon, 07 Nov 2016 16:10:58 GMT] "GET /images/case-student.png HTTP/1.1" 200 216875 "http://localhost:3002/stylesheets/style.css" "Mozilla/5.0 (Windows NT 6.1; WOW64) AppleWebKit/537.36 (KHTML, like Gecko) Chrome/45.0.2454.101 Safari/537.36"
::1 - - [Mon, 07 Nov 2016 16:10:58 GMT] "GET /images/feature-icon.png HTTP/1.1" - - "http://localhost:3002/stylesheets/style.css" "Mozilla/5.0 (Windows NT 6.1; WOW64) AppleWebKit/537.36 (KHTML, like Gecko) Chrome/45.0.2454.101 Safari/537.36"
::1 - - [Mon, 07 Nov 2016 16:10:58 GMT] "GET /images/case-teambition.jpg HTTP/1.1" 200 148705 "http://localhost:3002/stylesheets/style.css" "Mozilla/5.0 (Windows NT 6.1; WOW64) AppleWebKit/537.36 (KHTML, like Gecko) Chrome/45.0.2454.101 Safari/537.36"
::1 - - [Mon, 07 Nov 2016 16:10:58 GMT] "GET /images/case-more.png HTTP/1.1" 200 296550 "http://localhost:3002/stylesheets/style.css" "Mozilla/5.0 (Windows NT 6.1; WOW64) AppleWebKit/537.36 (KHTML, like Gecko) Chrome/45.0.2454.101 Safari/537.36"
::1 - - [Mon, 07 Nov 2016 16:10:58 GMT] "GET /images/banner-2td.jpg HTTP/1.1" - - "http://localhost:3002/stylesheets/style.css" "Mozilla/5.0 (Windows NT 6.1; WOW64) AppleWebKit/537.36 (KHTML, like Gecko) Chrome/45.0.2454.101 Safari/537.36"
::1 - - [Mon, 07 Nov 2016 16:10:58 GMT] "GET /images/case-manufacture.png HTTP/1.1" 200 237803 "http://localhost:3002/stylesheets/style.css" "Mozilla/5.0 (Windows NT 6.1; WOW64) AppleWebKit/537.36 (KHTML, like Gecko) Chrome/45.0.2454.101 Safari/537.36"
::1 - - [Mon, 07 Nov 2016 16:10:58 GMT] "GET /images/banner-3nd.jpg HTTP/1.1" - - "http://localhost:3002/stylesheets/style.css" "Mozilla/5.0 (Windows NT 6.1; WOW64) AppleWebKit/537.36 (KHTML, like Gecko) Chrome/45.0.2454.101 Safari/537.36"
::1 - - [Mon, 07 Nov 2016 16:10:58 GMT] "GET /images/case-ad.png HTTP/1.1" 200 193559 "http://localhost:3002/stylesheets/style.css" "Mozilla/5.0 (Windows NT 6.1; WOW64) AppleWebKit/537.36 (KHTML, like Gecko) Chrome/45.0.2454.101 Safari/537.36"
::1 - - [Mon, 07 Nov 2016 16:10:59 GMT] "GET /images/logo-white.svg HTTP/1.1" - - "http://localhost:3002/stylesheets/style.css" "Mozilla/5.0 (Windows NT 6.1; WOW64) AppleWebKit/537.36 (KHTML, like Gecko) Chrome/45.0.2454.101 Safari/537.36"
::1 - - [Mon, 07 Nov 2016 16:10:59 GMT] "GET /images/banner-1st.jpg HTTP/1.1" 200 285435 "http://localhost:3002/stylesheets/style.css" "Mozilla/5.0 (Windows NT 6.1; WOW64) AppleWebKit/537.36 (KHTML, like Gecko) Chrome/45.0.2454.101 Safari/537.36"
::1 - - [Mon, 07 Nov 2016 16:10:59 GMT] "GET /images/apps-lg.png HTTP/1.1" 200 927199 "http://localhost:3002/stylesheets/style.css" "Mozilla/5.0 (Windows NT 6.1; WOW64) AppleWebKit/537.36 (KHTML, like Gecko) Chrome/45.0.2454.101 Safari/537.36"
::1 - - [Mon, 07 Nov 2016 16:11:07 GMT] "GET /media/videos-go_to_work_bg_music.mp4 HTTP/1.1" 206 6480605 "http://localhost:3002/" "Mozilla/5.0 (Windows NT 6.1; WOW64) AppleWebKit/537.36 (KHTML, like Gecko) Chrome/45.0.2454.101 Safari/537.36"
::1 - - [Mon, 07 Nov 2016 16:11:13 GMT] "GET /logout HTTP/1.1" 302 46 "http://localhost:3002/" "Mozilla/5.0 (Windows NT 6.1; WOW64) AppleWebKit/537.36 (KHTML, like Gecko) Chrome/45.0.2454.101 Safari/537.36"
::1 - - [Mon, 07 Nov 2016 16:11:13 GMT] "GET / HTTP/1.1" 200 6365 "http://localhost:3002/" "Mozilla/5.0 (Windows NT 6.1; WOW64) AppleWebKit/537.36 (KHTML, like Gecko) Chrome/45.0.2454.101 Safari/537.36"
::1 - - [Mon, 07 Nov 2016 16:11:13 GMT] "GET /stylesheets/style.css HTTP/1.1" 304 - "http://localhost:3002/" "Mozilla/5.0 (Windows NT 6.1; WOW64) AppleWebKit/537.36 (KHTML, like Gecko) Chrome/45.0.2454.101 Safari/537.36"
::1 - - [Mon, 07 Nov 2016 16:11:13 GMT] "GET /media/video-banner-poster.png HTTP/1.1" 304 - "http://localhost:3002/" "Mozilla/5.0 (Windows NT 6.1; WOW64) AppleWebKit/537.36 (KHTML, like Gecko) Chrome/45.0.2454.101 Safari/537.36"
::1 - - [Mon, 07 Nov 2016 16:11:13 GMT] "GET /media/videos-go_to_work_bg_music.mp4 HTTP/1.1" 304 - "http://localhost:3002/" "Mozilla/5.0 (Windows NT 6.1; WOW64) AppleWebKit/537.36 (KHTML, like Gecko) Chrome/45.0.2454.101 Safari/537.36"
::1 - - [Mon, 07 Nov 2016 16:11:13 GMT] "GET /images/case-more.png HTTP/1.1" 304 - "http://localhost:3002/" "Mozilla/5.0 (Windows NT 6.1; WOW64) AppleWebKit/537.36 (KHTML, like Gecko) Chrome/45.0.2454.101 Safari/537.36"
::1 - - [Mon, 07 Nov 2016 16:11:13 GMT] "GET /img/badge_blue.png HTTP/1.1" 304 - "http://localhost:3002/" "Mozilla/5.0 (Windows NT 6.1; WOW64) AppleWebKit/537.36 (KHTML, like Gecko) Chrome/45.0.2454.101 Safari/537.36"
::1 - - [Mon, 07 Nov 2016 16:11:13 GMT] "GET /images/case-education.png HTTP/1.1" 304 - "http://localhost:3002/" "Mozilla/5.0 (Windows NT 6.1; WOW64) AppleWebKit/537.36 (KHTML, like Gecko) Chrome/45.0.2454.101 Safari/537.36"
::1 - - [Mon, 07 Nov 2016 16:11:13 GMT] "GET /images/banner-1st.jpg HTTP/1.1" 304 - "http://localhost:3002/" "Mozilla/5.0 (Windows NT 6.1; WOW64) AppleWebKit/537.36 (KHTML, like Gecko) Chrome/45.0.2454.101 Safari/537.36"
::1 - - [Mon, 07 Nov 2016 16:11:13 GMT] "GET /images/case-teambition.jpg HTTP/1.1" 304 - "http://localhost:3002/" "Mozilla/5.0 (Windows NT 6.1; WOW64) AppleWebKit/537.36 (KHTML, like Gecko) Chrome/45.0.2454.101 Safari/537.36"
::1 - - [Mon, 07 Nov 2016 16:11:14 GMT] "GET /images/case-student.png HTTP/1.1" 304 - "http://localhost:3002/" "Mozilla/5.0 (Windows NT 6.1; WOW64) AppleWebKit/537.36 (KHTML, like Gecko) Chrome/45.0.2454.101 Safari/537.36"
::1 - - [Mon, 07 Nov 2016 16:11:14 GMT] "GET /images/logo-white.svg HTTP/1.1" 304 - "http://localhost:3002/" "Mozilla/5.0 (Windows NT 6.1; WOW64) AppleWebKit/537.36 (KHTML, like Gecko) Chrome/45.0.2454.101 Safari/537.36"
::1 - - [Mon, 07 Nov 2016 16:11:14 GMT] "GET /images/case-administration.png HTTP/1.1" 304 - "http://localhost:3002/" "Mozilla/5.0 (Windows NT 6.1; WOW64) AppleWebKit/537.36 (KHTML, like Gecko) Chrome/45.0.2454.101 Safari/537.36"
::1 - - [Mon, 07 Nov 2016 16:11:14 GMT] "GET /images/case-manufacture.png HTTP/1.1" 304 - "http://localhost:3002/" "Mozilla/5.0 (Windows NT 6.1; WOW64) AppleWebKit/537.36 (KHTML, like Gecko) Chrome/45.0.2454.101 Safari/537.36"
::1 - - [Mon, 07 Nov 2016 16:11:14 GMT] "GET /images/apps-lg.png HTTP/1.1" 304 - "http://localhost:3002/" "Mozilla/5.0 (Windows NT 6.1; WOW64) AppleWebKit/537.36 (KHTML, like Gecko) Chrome/45.0.2454.101 Safari/537.36"
::1 - - [Mon, 07 Nov 2016 16:11:14 GMT] "GET /images/case-ad.png HTTP/1.1" 304 - "http://localhost:3002/" "Mozilla/5.0 (Windows NT 6.1; WOW64) AppleWebKit/537.36 (KHTML, like Gecko) Chrome/45.0.2454.101 Safari/537.36"
::1 - - [Mon, 07 Nov 2016 16:11:14 GMT] "GET /images/feature-icon.png HTTP/1.1" 304 - "http://localhost:3002/" "Mozilla/5.0 (Windows NT 6.1; WOW64) AppleWebKit/537.36 (KHTML, like Gecko) Chrome/45.0.2454.101 Safari/537.36"
::1 - - [Mon, 07 Nov 2016 16:11:14 GMT] "GET /images/banner-2td.jpg HTTP/1.1" 304 - "http://localhost:3002/" "Mozilla/5.0 (Windows NT 6.1; WOW64) AppleWebKit/537.36 (KHTML, like Gecko) Chrome/45.0.2454.101 Safari/537.36"
::1 - - [Mon, 07 Nov 2016 16:11:14 GMT] "GET /images/banner-3nd.jpg HTTP/1.1" 304 - "http://localhost:3002/" "Mozilla/5.0 (Windows NT 6.1; WOW64) AppleWebKit/537.36 (KHTML, like Gecko) Chrome/45.0.2454.101 Safari/537.36"
::1 - - [Mon, 07 Nov 2016 16:11:15 GMT] "GET /login HTTP/1.1" 200 1109 "http://localhost:3002/" "Mozilla/5.0 (Windows NT 6.1; WOW64) AppleWebKit/537.36 (KHTML, like Gecko) Chrome/45.0.2454.101 Safari/537.36"
::1 - - [Mon, 07 Nov 2016 16:11:16 GMT] "GET /stylesheets/style.css HTTP/1.1" 304 - "http://localhost:3002/login" "Mozilla/5.0 (Windows NT 6.1; WOW64) AppleWebKit/537.36 (KHTML, like Gecko) Chrome/45.0.2454.101 Safari/537.36"
::1 - - [Mon, 07 Nov 2016 16:11:16 GMT] "GET /images/logo-white.svg HTTP/1.1" 304 - "http://localhost:3002/login" "Mozilla/5.0 (Windows NT 6.1; WOW64) AppleWebKit/537.36 (KHTML, like Gecko) Chrome/45.0.2454.101 Safari/537.36"
::1 - - [Mon, 07 Nov 2016 16:12:27 GMT] "GET /login HTTP/1.1" 304 - "http://localhost:3002/" "Mozilla/5.0 (Windows NT 6.1; WOW64) AppleWebKit/537.36 (KHTML, like Gecko) Chrome/45.0.2454.101 Safari/537.36"
::1 - - [Mon, 07 Nov 2016 16:12:27 GMT] "GET /stylesheets/style.css HTTP/1.1" 200 12794 "http://localhost:3002/login" "Mozilla/5.0 (Windows NT 6.1; WOW64) AppleWebKit/537.36 (KHTML, like Gecko) Chrome/45.0.2454.101 Safari/537.36"
::1 - - [Mon, 07 Nov 2016 16:12:27 GMT] "GET /images/logo-white.svg HTTP/1.1" 304 - "http://localhost:3002/login" "Mozilla/5.0 (Windows NT 6.1; WOW64) AppleWebKit/537.36 (KHTML, like Gecko) Chrome/45.0.2454.101 Safari/537.36"
::1 - - [Mon, 07 Nov 2016 16:12:29 GMT] "GET /login HTTP/1.1" 304 - "http://localhost:3002/" "Mozilla/5.0 (Windows NT 6.1; WOW64) AppleWebKit/537.36 (KHTML, like Gecko) Chrome/45.0.2454.101 Safari/537.36"
::1 - - [Mon, 07 Nov 2016 16:12:29 GMT] "GET /stylesheets/style.css HTTP/1.1" 304 - "http://localhost:3002/login" "Mozilla/5.0 (Windows NT 6.1; WOW64) AppleWebKit/537.36 (KHTML, like Gecko) Chrome/45.0.2454.101 Safari/537.36"
::1 - - [Mon, 07 Nov 2016 16:12:29 GMT] "GET /images/logo-white.svg HTTP/1.1" 304 - "http://localhost:3002/login" "Mozilla/5.0 (Windows NT 6.1; WOW64) AppleWebKit/537.36 (KHTML, like Gecko) Chrome/45.0.2454.101 Safari/537.36"
::1 - - [Mon, 07 Nov 2016 16:12:58 GMT] "GET /login HTTP/1.1" 200 1160 "http://localhost:3002/" "Mozilla/5.0 (Windows NT 6.1; WOW64) AppleWebKit/537.36 (KHTML, like Gecko) Chrome/45.0.2454.101 Safari/537.36"
::1 - - [Mon, 07 Nov 2016 16:12:58 GMT] "GET /stylesheets/style.css HTTP/1.1" 304 - "http://localhost:3002/login" "Mozilla/5.0 (Windows NT 6.1; WOW64) AppleWebKit/537.36 (KHTML, like Gecko) Chrome/45.0.2454.101 Safari/537.36"
::1 - - [Mon, 07 Nov 2016 16:12:58 GMT] "GET /images/logo-white.svg HTTP/1.1" 304 - "http://localhost:3002/login" "Mozilla/5.0 (Windows NT 6.1; WOW64) AppleWebKit/537.36 (KHTML, like Gecko) Chrome/45.0.2454.101 Safari/537.36"
::1 - - [Mon, 07 Nov 2016 16:13:45 GMT] "GET /login HTTP/1.1" 304 - "http://localhost:3002/" "Mozilla/5.0 (Windows NT 6.1; WOW64) AppleWebKit/537.36 (KHTML, like Gecko) Chrome/45.0.2454.101 Safari/537.36"
::1 - - [Mon, 07 Nov 2016 16:13:45 GMT] "GET /stylesheets/style.css HTTP/1.1" 200 12794 "http://localhost:3002/login" "Mozilla/5.0 (Windows NT 6.1; WOW64) AppleWebKit/537.36 (KHTML, like Gecko) Chrome/45.0.2454.101 Safari/537.36"
::1 - - [Mon, 07 Nov 2016 16:13:45 GMT] "GET /images/logo-white.svg HTTP/1.1" 304 - "http://localhost:3002/login" "Mozilla/5.0 (Windows NT 6.1; WOW64) AppleWebKit/537.36 (KHTML, like Gecko) Chrome/45.0.2454.101 Safari/537.36"
::1 - - [Mon, 07 Nov 2016 16:14:16 GMT] "GET /login HTTP/1.1" 304 - "http://localhost:3002/" "Mozilla/5.0 (Windows NT 6.1; WOW64) AppleWebKit/537.36 (KHTML, like Gecko) Chrome/45.0.2454.101 Safari/537.36"
::1 - - [Mon, 07 Nov 2016 16:14:16 GMT] "GET /stylesheets/style.css HTTP/1.1" 200 12818 "http://localhost:3002/login" "Mozilla/5.0 (Windows NT 6.1; WOW64) AppleWebKit/537.36 (KHTML, like Gecko) Chrome/45.0.2454.101 Safari/537.36"
::1 - - [Mon, 07 Nov 2016 16:14:16 GMT] "GET /images/logo-white.svg HTTP/1.1" 304 - "http://localhost:3002/login" "Mozilla/5.0 (Windows NT 6.1; WOW64) AppleWebKit/537.36 (KHTML, like Gecko) Chrome/45.0.2454.101 Safari/537.36"
::1 - - [Mon, 07 Nov 2016 16:14:42 GMT] "GET /login HTTP/1.1" 304 - "http://localhost:3002/" "Mozilla/5.0 (Windows NT 6.1; WOW64) AppleWebKit/537.36 (KHTML, like Gecko) Chrome/45.0.2454.101 Safari/537.36"
::1 - - [Mon, 07 Nov 2016 16:14:42 GMT] "GET /stylesheets/style.css HTTP/1.1" 200 12818 "http://localhost:3002/login" "Mozilla/5.0 (Windows NT 6.1; WOW64) AppleWebKit/537.36 (KHTML, like Gecko) Chrome/45.0.2454.101 Safari/537.36"
::1 - - [Mon, 07 Nov 2016 16:14:42 GMT] "GET /images/logo-white.svg HTTP/1.1" 304 - "http://localhost:3002/login" "Mozilla/5.0 (Windows NT 6.1; WOW64) AppleWebKit/537.36 (KHTML, like Gecko) Chrome/45.0.2454.101 Safari/537.36"
::1 - - [Mon, 07 Nov 2016 16:15:19 GMT] "GET /login HTTP/1.1" 304 - "http://localhost:3002/" "Mozilla/5.0 (Windows NT 6.1; WOW64) AppleWebKit/537.36 (KHTML, like Gecko) Chrome/45.0.2454.101 Safari/537.36"
::1 - - [Mon, 07 Nov 2016 16:15:19 GMT] "GET /stylesheets/style.css HTTP/1.1" 200 12841 "http://localhost:3002/login" "Mozilla/5.0 (Windows NT 6.1; WOW64) AppleWebKit/537.36 (KHTML, like Gecko) Chrome/45.0.2454.101 Safari/537.36"
::1 - - [Mon, 07 Nov 2016 16:15:19 GMT] "GET /images/logo-white.svg HTTP/1.1" 304 - "http://localhost:3002/login" "Mozilla/5.0 (Windows NT 6.1; WOW64) AppleWebKit/537.36 (KHTML, like Gecko) Chrome/45.0.2454.101 Safari/537.36"
::1 - - [Mon, 07 Nov 2016 16:15:27 GMT] "GET /login HTTP/1.1" 304 - "http://localhost:3002/" "Mozilla/5.0 (Windows NT 6.1; WOW64) AppleWebKit/537.36 (KHTML, like Gecko) Chrome/45.0.2454.101 Safari/537.36"
::1 - - [Mon, 07 Nov 2016 16:15:27 GMT] "GET /stylesheets/style.css HTTP/1.1" 200 12841 "http://localhost:3002/login" "Mozilla/5.0 (Windows NT 6.1; WOW64) AppleWebKit/537.36 (KHTML, like Gecko) Chrome/45.0.2454.101 Safari/537.36"
::1 - - [Mon, 07 Nov 2016 16:15:27 GMT] "GET /images/logo-white.svg HTTP/1.1" 304 - "http://localhost:3002/login" "Mozilla/5.0 (Windows NT 6.1; WOW64) AppleWebKit/537.36 (KHTML, like Gecko) Chrome/45.0.2454.101 Safari/537.36"
::1 - - [Mon, 07 Nov 2016 16:16:08 GMT] "GET /login HTTP/1.1" 304 - "http://localhost:3002/" "Mozilla/5.0 (Windows NT 6.1; WOW64) AppleWebKit/537.36 (KHTML, like Gecko) Chrome/45.0.2454.101 Safari/537.36"
::1 - - [Mon, 07 Nov 2016 16:16:08 GMT] "GET /stylesheets/style.css HTTP/1.1" 200 12836 "http://localhost:3002/login" "Mozilla/5.0 (Windows NT 6.1; WOW64) AppleWebKit/537.36 (KHTML, like Gecko) Chrome/45.0.2454.101 Safari/537.36"
::1 - - [Mon, 07 Nov 2016 16:16:08 GMT] "GET /images/logo-white.svg HTTP/1.1" 304 - "http://localhost:3002/login" "Mozilla/5.0 (Windows NT 6.1; WOW64) AppleWebKit/537.36 (KHTML, like Gecko) Chrome/45.0.2454.101 Safari/537.36"
::1 - - [Mon, 07 Nov 2016 16:16:22 GMT] "GET /login HTTP/1.1" 304 - "http://localhost:3002/" "Mozilla/5.0 (Windows NT 6.1; WOW64) AppleWebKit/537.36 (KHTML, like Gecko) Chrome/45.0.2454.101 Safari/537.36"
::1 - - [Mon, 07 Nov 2016 16:16:22 GMT] "GET /stylesheets/style.css HTTP/1.1" 200 12836 "http://localhost:3002/login" "Mozilla/5.0 (Windows NT 6.1; WOW64) AppleWebKit/537.36 (KHTML, like Gecko) Chrome/45.0.2454.101 Safari/537.36"
::1 - - [Mon, 07 Nov 2016 16:16:22 GMT] "GET /images/logo-white.svg HTTP/1.1" 304 - "http://localhost:3002/login" "Mozilla/5.0 (Windows NT 6.1; WOW64) AppleWebKit/537.36 (KHTML, like Gecko) Chrome/45.0.2454.101 Safari/537.36"
::1 - - [Mon, 07 Nov 2016 16:16:44 GMT] "GET /login HTTP/1.1" 304 - "http://localhost:3002/" "Mozilla/5.0 (Windows NT 6.1; WOW64) AppleWebKit/537.36 (KHTML, like Gecko) Chrome/45.0.2454.101 Safari/537.36"
::1 - - [Mon, 07 Nov 2016 16:16:44 GMT] "GET /stylesheets/style.css HTTP/1.1" 200 12836 "http://localhost:3002/login" "Mozilla/5.0 (Windows NT 6.1; WOW64) AppleWebKit/537.36 (KHTML, like Gecko) Chrome/45.0.2454.101 Safari/537.36"
::1 - - [Mon, 07 Nov 2016 16:16:44 GMT] "GET /images/logo-white.svg HTTP/1.1" 304 - "http://localhost:3002/login" "Mozilla/5.0 (Windows NT 6.1; WOW64) AppleWebKit/537.36 (KHTML, like Gecko) Chrome/45.0.2454.101 Safari/537.36"
::1 - - [Mon, 07 Nov 2016 16:16:51 GMT] "POST /login HTTP/1.1" 302 56 "http://localhost:3002/login" "Mozilla/5.0 (Windows NT 6.1; WOW64) AppleWebKit/537.36 (KHTML, like Gecko) Chrome/45.0.2454.101 Safari/537.36"
::1 - - [Mon, 07 Nov 2016 16:16:51 GMT] "GET /login HTTP/1.1" 200 1160 "http://localhost:3002/login" "Mozilla/5.0 (Windows NT 6.1; WOW64) AppleWebKit/537.36 (KHTML, like Gecko) Chrome/45.0.2454.101 Safari/537.36"
::1 - - [Mon, 07 Nov 2016 16:16:52 GMT] "GET /stylesheets/style.css HTTP/1.1" 304 - "http://localhost:3002/login" "Mozilla/5.0 (Windows NT 6.1; WOW64) AppleWebKit/537.36 (KHTML, like Gecko) Chrome/45.0.2454.101 Safari/537.36"
::1 - - [Mon, 07 Nov 2016 16:16:52 GMT] "GET /images/logo-white.svg HTTP/1.1" 304 - "http://localhost:3002/login" "Mozilla/5.0 (Windows NT 6.1; WOW64) AppleWebKit/537.36 (KHTML, like Gecko) Chrome/45.0.2454.101 Safari/537.36"
::1 - - [Mon, 07 Nov 2016 16:16:52 GMT] "POST /login HTTP/1.1" 302 56 "http://localhost:3002/login" "Mozilla/5.0 (Windows NT 6.1; WOW64) AppleWebKit/537.36 (KHTML, like Gecko) Chrome/45.0.2454.101 Safari/537.36"
::1 - - [Mon, 07 Nov 2016 16:16:52 GMT] "GET /login HTTP/1.1" 200 1160 "http://localhost:3002/login" "Mozilla/5.0 (Windows NT 6.1; WOW64) AppleWebKit/537.36 (KHTML, like Gecko) Chrome/45.0.2454.101 Safari/537.36"
::1 - - [Mon, 07 Nov 2016 16:16:52 GMT] "GET /stylesheets/style.css HTTP/1.1" 304 - "http://localhost:3002/login" "Mozilla/5.0 (Windows NT 6.1; WOW64) AppleWebKit/537.36 (KHTML, like Gecko) Chrome/45.0.2454.101 Safari/537.36"
::1 - - [Mon, 07 Nov 2016 16:16:52 GMT] "GET /images/logo-white.svg HTTP/1.1" 304 - "http://localhost:3002/login" "Mozilla/5.0 (Windows NT 6.1; WOW64) AppleWebKit/537.36 (KHTML, like Gecko) Chrome/45.0.2454.101 Safari/537.36"
::1 - - [Mon, 07 Nov 2016 16:16:52 GMT] "POST /login HTTP/1.1" 302 56 "http://localhost:3002/login" "Mozilla/5.0 (Windows NT 6.1; WOW64) AppleWebKit/537.36 (KHTML, like Gecko) Chrome/45.0.2454.101 Safari/537.36"
::1 - - [Mon, 07 Nov 2016 16:16:52 GMT] "GET /login HTTP/1.1" 200 1160 "http://localhost:3002/login" "Mozilla/5.0 (Windows NT 6.1; WOW64) AppleWebKit/537.36 (KHTML, like Gecko) Chrome/45.0.2454.101 Safari/537.36"
::1 - - [Mon, 07 Nov 2016 16:16:53 GMT] "GET /stylesheets/style.css HTTP/1.1" 304 - "http://localhost:3002/login" "Mozilla/5.0 (Windows NT 6.1; WOW64) AppleWebKit/537.36 (KHTML, like Gecko) Chrome/45.0.2454.101 Safari/537.36"
::1 - - [Mon, 07 Nov 2016 16:16:53 GMT] "GET /images/logo-white.svg HTTP/1.1" 304 - "http://localhost:3002/login" "Mozilla/5.0 (Windows NT 6.1; WOW64) AppleWebKit/537.36 (KHTML, like Gecko) Chrome/45.0.2454.101 Safari/537.36"
::1 - - [Mon, 07 Nov 2016 16:16:53 GMT] "POST /login HTTP/1.1" 302 56 "http://localhost:3002/login" "Mozilla/5.0 (Windows NT 6.1; WOW64) AppleWebKit/537.36 (KHTML, like Gecko) Chrome/45.0.2454.101 Safari/537.36"
::1 - - [Mon, 07 Nov 2016 16:16:53 GMT] "GET /login HTTP/1.1" 200 1160 "http://localhost:3002/login" "Mozilla/5.0 (Windows NT 6.1; WOW64) AppleWebKit/537.36 (KHTML, like Gecko) Chrome/45.0.2454.101 Safari/537.36"
::1 - - [Mon, 07 Nov 2016 16:16:53 GMT] "GET /stylesheets/style.css HTTP/1.1" 304 - "http://localhost:3002/login" "Mozilla/5.0 (Windows NT 6.1; WOW64) AppleWebKit/537.36 (KHTML, like Gecko) Chrome/45.0.2454.101 Safari/537.36"
::1 - - [Mon, 07 Nov 2016 16:16:53 GMT] "GET /images/logo-white.svg HTTP/1.1" 304 - "http://localhost:3002/login" "Mozilla/5.0 (Windows NT 6.1; WOW64) AppleWebKit/537.36 (KHTML, like Gecko) Chrome/45.0.2454.101 Safari/537.36"
::1 - - [Mon, 07 Nov 2016 16:16:54 GMT] "POST /login HTTP/1.1" 302 56 "http://localhost:3002/login" "Mozilla/5.0 (Windows NT 6.1; WOW64) AppleWebKit/537.36 (KHTML, like Gecko) Chrome/45.0.2454.101 Safari/537.36"
::1 - - [Mon, 07 Nov 2016 16:16:54 GMT] "GET /login HTTP/1.1" 200 1160 "http://localhost:3002/login" "Mozilla/5.0 (Windows NT 6.1; WOW64) AppleWebKit/537.36 (KHTML, like Gecko) Chrome/45.0.2454.101 Safari/537.36"
::1 - - [Mon, 07 Nov 2016 16:16:54 GMT] "GET /stylesheets/style.css HTTP/1.1" 304 - "http://localhost:3002/login" "Mozilla/5.0 (Windows NT 6.1; WOW64) AppleWebKit/537.36 (KHTML, like Gecko) Chrome/45.0.2454.101 Safari/537.36"
::1 - - [Mon, 07 Nov 2016 16:16:54 GMT] "GET /images/logo-white.svg HTTP/1.1" 304 - "http://localhost:3002/login" "Mozilla/5.0 (Windows NT 6.1; WOW64) AppleWebKit/537.36 (KHTML, like Gecko) Chrome/45.0.2454.101 Safari/537.36"
::1 - - [Mon, 07 Nov 2016 16:16:55 GMT] "POST /login HTTP/1.1" 302 56 "http://localhost:3002/login" "Mozilla/5.0 (Windows NT 6.1; WOW64) AppleWebKit/537.36 (KHTML, like Gecko) Chrome/45.0.2454.101 Safari/537.36"
::1 - - [Mon, 07 Nov 2016 16:16:55 GMT] "GET /login HTTP/1.1" 200 1160 "http://localhost:3002/login" "Mozilla/5.0 (Windows NT 6.1; WOW64) AppleWebKit/537.36 (KHTML, like Gecko) Chrome/45.0.2454.101 Safari/537.36"
::1 - - [Mon, 07 Nov 2016 16:16:55 GMT] "GET /stylesheets/style.css HTTP/1.1" 304 - "http://localhost:3002/login" "Mozilla/5.0 (Windows NT 6.1; WOW64) AppleWebKit/537.36 (KHTML, like Gecko) Chrome/45.0.2454.101 Safari/537.36"
::1 - - [Mon, 07 Nov 2016 16:16:55 GMT] "GET /images/logo-white.svg HTTP/1.1" 304 - "http://localhost:3002/login" "Mozilla/5.0 (Windows NT 6.1; WOW64) AppleWebKit/537.36 (KHTML, like Gecko) Chrome/45.0.2454.101 Safari/537.36"
::1 - - [Mon, 07 Nov 2016 16:18:59 GMT] "GET /login HTTP/1.1" 304 - "http://localhost:3002/login" "Mozilla/5.0 (Windows NT 6.1; WOW64) AppleWebKit/537.36 (KHTML, like Gecko) Chrome/45.0.2454.101 Safari/537.36"
::1 - - [Mon, 07 Nov 2016 16:18:59 GMT] "GET /stylesheets/style.css HTTP/1.1" 200 12908 "http://localhost:3002/login" "Mozilla/5.0 (Windows NT 6.1; WOW64) AppleWebKit/537.36 (KHTML, like Gecko) Chrome/45.0.2454.101 Safari/537.36"
::1 - - [Mon, 07 Nov 2016 16:18:59 GMT] "GET /images/logo-white.svg HTTP/1.1" 304 - "http://localhost:3002/login" "Mozilla/5.0 (Windows NT 6.1; WOW64) AppleWebKit/537.36 (KHTML, like Gecko) Chrome/45.0.2454.101 Safari/537.36"
::1 - - [Mon, 07 Nov 2016 16:19:15 GMT] "GET /login HTTP/1.1" 304 - "http://localhost:3002/login" "Mozilla/5.0 (Windows NT 6.1; WOW64) AppleWebKit/537.36 (KHTML, like Gecko) Chrome/45.0.2454.101 Safari/537.36"
::1 - - [Mon, 07 Nov 2016 16:19:15 GMT] "GET /stylesheets/style.css HTTP/1.1" 200 12908 "http://localhost:3002/login" "Mozilla/5.0 (Windows NT 6.1; WOW64) AppleWebKit/537.36 (KHTML, like Gecko) Chrome/45.0.2454.101 Safari/537.36"
::1 - - [Mon, 07 Nov 2016 16:19:15 GMT] "GET /images/logo-white.svg HTTP/1.1" 304 - "http://localhost:3002/login" "Mozilla/5.0 (Windows NT 6.1; WOW64) AppleWebKit/537.36 (KHTML, like Gecko) Chrome/45.0.2454.101 Safari/537.36"
::1 - - [Mon, 07 Nov 2016 16:19:35 GMT] "GET /login HTTP/1.1" 304 - "http://localhost:3002/login" "Mozilla/5.0 (Windows NT 6.1; WOW64) AppleWebKit/537.36 (KHTML, like Gecko) Chrome/45.0.2454.101 Safari/537.36"
::1 - - [Mon, 07 Nov 2016 16:19:35 GMT] "GET /stylesheets/style.css HTTP/1.1" 200 12909 "http://localhost:3002/login" "Mozilla/5.0 (Windows NT 6.1; WOW64) AppleWebKit/537.36 (KHTML, like Gecko) Chrome/45.0.2454.101 Safari/537.36"
::1 - - [Mon, 07 Nov 2016 16:19:35 GMT] "GET /images/logo-white.svg HTTP/1.1" 304 - "http://localhost:3002/login" "Mozilla/5.0 (Windows NT 6.1; WOW64) AppleWebKit/537.36 (KHTML, like Gecko) Chrome/45.0.2454.101 Safari/537.36"
::1 - - [Mon, 07 Nov 2016 16:20:12 GMT] "GET /login HTTP/1.1" 304 - "http://localhost:3002/login" "Mozilla/5.0 (Windows NT 6.1; WOW64) AppleWebKit/537.36 (KHTML, like Gecko) Chrome/45.0.2454.101 Safari/537.36"
::1 - - [Mon, 07 Nov 2016 16:20:12 GMT] "GET /stylesheets/style.css HTTP/1.1" 200 12909 "http://localhost:3002/login" "Mozilla/5.0 (Windows NT 6.1; WOW64) AppleWebKit/537.36 (KHTML, like Gecko) Chrome/45.0.2454.101 Safari/537.36"
::1 - - [Mon, 07 Nov 2016 16:20:12 GMT] "GET /images/logo-white.svg HTTP/1.1" 304 - "http://localhost:3002/login" "Mozilla/5.0 (Windows NT 6.1; WOW64) AppleWebKit/537.36 (KHTML, like Gecko) Chrome/45.0.2454.101 Safari/537.36"
::1 - - [Mon, 07 Nov 2016 16:20:42 GMT] "GET /login HTTP/1.1" 304 - "http://localhost:3002/login" "Mozilla/5.0 (Windows NT 6.1; WOW64) AppleWebKit/537.36 (KHTML, like Gecko) Chrome/45.0.2454.101 Safari/537.36"
::1 - - [Mon, 07 Nov 2016 16:20:42 GMT] "GET /stylesheets/style.css HTTP/1.1" 200 12909 "http://localhost:3002/login" "Mozilla/5.0 (Windows NT 6.1; WOW64) AppleWebKit/537.36 (KHTML, like Gecko) Chrome/45.0.2454.101 Safari/537.36"
::1 - - [Mon, 07 Nov 2016 16:20:42 GMT] "GET /images/logo-white.svg HTTP/1.1" 304 - "http://localhost:3002/login" "Mozilla/5.0 (Windows NT 6.1; WOW64) AppleWebKit/537.36 (KHTML, like Gecko) Chrome/45.0.2454.101 Safari/537.36"
::1 - - [Mon, 07 Nov 2016 16:21:32 GMT] "GET /login HTTP/1.1" 304 - "http://localhost:3002/login" "Mozilla/5.0 (Windows NT 6.1; WOW64) AppleWebKit/537.36 (KHTML, like Gecko) Chrome/45.0.2454.101 Safari/537.36"
::1 - - [Mon, 07 Nov 2016 16:21:32 GMT] "GET /stylesheets/style.css HTTP/1.1" 200 12909 "http://localhost:3002/login" "Mozilla/5.0 (Windows NT 6.1; WOW64) AppleWebKit/537.36 (KHTML, like Gecko) Chrome/45.0.2454.101 Safari/537.36"
::1 - - [Mon, 07 Nov 2016 16:21:32 GMT] "GET /images/logo-white.svg HTTP/1.1" 304 - "http://localhost:3002/login" "Mozilla/5.0 (Windows NT 6.1; WOW64) AppleWebKit/537.36 (KHTML, like Gecko) Chrome/45.0.2454.101 Safari/537.36"
::1 - - [Mon, 07 Nov 2016 16:22:14 GMT] "GET /login HTTP/1.1" 304 - "http://localhost:3002/login" "Mozilla/5.0 (Windows NT 6.1; WOW64) AppleWebKit/537.36 (KHTML, like Gecko) Chrome/45.0.2454.101 Safari/537.36"
::1 - - [Mon, 07 Nov 2016 16:22:15 GMT] "GET /stylesheets/style.css HTTP/1.1" 200 12933 "http://localhost:3002/login" "Mozilla/5.0 (Windows NT 6.1; WOW64) AppleWebKit/537.36 (KHTML, like Gecko) Chrome/45.0.2454.101 Safari/537.36"
::1 - - [Mon, 07 Nov 2016 16:22:15 GMT] "GET /images/logo-white.svg HTTP/1.1" 304 - "http://localhost:3002/login" "Mozilla/5.0 (Windows NT 6.1; WOW64) AppleWebKit/537.36 (KHTML, like Gecko) Chrome/45.0.2454.101 Safari/537.36"
::1 - - [Mon, 07 Nov 2016 16:22:16 GMT] "GET /login HTTP/1.1" 304 - "http://localhost:3002/login" "Mozilla/5.0 (Windows NT 6.1; WOW64) AppleWebKit/537.36 (KHTML, like Gecko) Chrome/45.0.2454.101 Safari/537.36"
::1 - - [Mon, 07 Nov 2016 16:22:16 GMT] "GET /stylesheets/style.css HTTP/1.1" 304 - "http://localhost:3002/login" "Mozilla/5.0 (Windows NT 6.1; WOW64) AppleWebKit/537.36 (KHTML, like Gecko) Chrome/45.0.2454.101 Safari/537.36"
::1 - - [Mon, 07 Nov 2016 16:22:16 GMT] "GET /images/logo-white.svg HTTP/1.1" 304 - "http://localhost:3002/login" "Mozilla/5.0 (Windows NT 6.1; WOW64) AppleWebKit/537.36 (KHTML, like Gecko) Chrome/45.0.2454.101 Safari/537.36"
::1 - - [Mon, 07 Nov 2016 16:25:25 GMT] "GET /login HTTP/1.1" 304 - "http://localhost:3002/login" "Mozilla/5.0 (Windows NT 6.1; WOW64) AppleWebKit/537.36 (KHTML, like Gecko) Chrome/45.0.2454.101 Safari/537.36"
::1 - - [Mon, 07 Nov 2016 16:25:25 GMT] "GET /stylesheets/style.css HTTP/1.1" 200 12999 "http://localhost:3002/login" "Mozilla/5.0 (Windows NT 6.1; WOW64) AppleWebKit/537.36 (KHTML, like Gecko) Chrome/45.0.2454.101 Safari/537.36"
::1 - - [Mon, 07 Nov 2016 16:25:25 GMT] "GET /images/logo-white.svg HTTP/1.1" 304 - "http://localhost:3002/login" "Mozilla/5.0 (Windows NT 6.1; WOW64) AppleWebKit/537.36 (KHTML, like Gecko) Chrome/45.0.2454.101 Safari/537.36"
::1 - - [Mon, 07 Nov 2016 16:25:27 GMT] "GET /login HTTP/1.1" 304 - "http://localhost:3002/login" "Mozilla/5.0 (Windows NT 6.1; WOW64) AppleWebKit/537.36 (KHTML, like Gecko) Chrome/45.0.2454.101 Safari/537.36"
::1 - - [Mon, 07 Nov 2016 16:25:27 GMT] "GET /stylesheets/style.css HTTP/1.1" 304 - "http://localhost:3002/login" "Mozilla/5.0 (Windows NT 6.1; WOW64) AppleWebKit/537.36 (KHTML, like Gecko) Chrome/45.0.2454.101 Safari/537.36"
::1 - - [Mon, 07 Nov 2016 16:25:27 GMT] "GET /images/logo-white.svg HTTP/1.1" 304 - "http://localhost:3002/login" "Mozilla/5.0 (Windows NT 6.1; WOW64) AppleWebKit/537.36 (KHTML, like Gecko) Chrome/45.0.2454.101 Safari/537.36"
::1 - - [Mon, 07 Nov 2016 16:25:54 GMT] "GET /login HTTP/1.1" 200 1174 "http://localhost:3002/login" "Mozilla/5.0 (Windows NT 6.1; WOW64) AppleWebKit/537.36 (KHTML, like Gecko) Chrome/45.0.2454.101 Safari/537.36"
::1 - - [Mon, 07 Nov 2016 16:25:54 GMT] "GET /stylesheets/style.css HTTP/1.1" 304 - "http://localhost:3002/login" "Mozilla/5.0 (Windows NT 6.1; WOW64) AppleWebKit/537.36 (KHTML, like Gecko) Chrome/45.0.2454.101 Safari/537.36"
::1 - - [Mon, 07 Nov 2016 16:25:54 GMT] "GET /images/logo-white.svg HTTP/1.1" 304 - "http://localhost:3002/login" "Mozilla/5.0 (Windows NT 6.1; WOW64) AppleWebKit/537.36 (KHTML, like Gecko) Chrome/45.0.2454.101 Safari/537.36"
::1 - - [Mon, 07 Nov 2016 16:26:21 GMT] "GET /login HTTP/1.1" 304 - "http://localhost:3002/login" "Mozilla/5.0 (Windows NT 6.1; WOW64) AppleWebKit/537.36 (KHTML, like Gecko) Chrome/45.0.2454.101 Safari/537.36"
::1 - - [Mon, 07 Nov 2016 16:26:21 GMT] "GET /stylesheets/style.css HTTP/1.1" 200 13020 "http://localhost:3002/login" "Mozilla/5.0 (Windows NT 6.1; WOW64) AppleWebKit/537.36 (KHTML, like Gecko) Chrome/45.0.2454.101 Safari/537.36"
::1 - - [Mon, 07 Nov 2016 16:26:21 GMT] "GET /images/logo-white.svg HTTP/1.1" 304 - "http://localhost:3002/login" "Mozilla/5.0 (Windows NT 6.1; WOW64) AppleWebKit/537.36 (KHTML, like Gecko) Chrome/45.0.2454.101 Safari/537.36"
::1 - - [Mon, 07 Nov 2016 16:26:24 GMT] "POST /login HTTP/1.1" 302 56 "http://localhost:3002/login" "Mozilla/5.0 (Windows NT 6.1; WOW64) AppleWebKit/537.36 (KHTML, like Gecko) Chrome/45.0.2454.101 Safari/537.36"
::1 - - [Mon, 07 Nov 2016 16:26:24 GMT] "GET /login HTTP/1.1" 200 1174 "http://localhost:3002/login" "Mozilla/5.0 (Windows NT 6.1; WOW64) AppleWebKit/537.36 (KHTML, like Gecko) Chrome/45.0.2454.101 Safari/537.36"
::1 - - [Mon, 07 Nov 2016 16:26:25 GMT] "GET /stylesheets/style.css HTTP/1.1" 304 - "http://localhost:3002/login" "Mozilla/5.0 (Windows NT 6.1; WOW64) AppleWebKit/537.36 (KHTML, like Gecko) Chrome/45.0.2454.101 Safari/537.36"
::1 - - [Mon, 07 Nov 2016 16:26:25 GMT] "GET /images/logo-white.svg HTTP/1.1" 304 - "http://localhost:3002/login" "Mozilla/5.0 (Windows NT 6.1; WOW64) AppleWebKit/537.36 (KHTML, like Gecko) Chrome/45.0.2454.101 Safari/537.36"
::1 - - [Mon, 07 Nov 2016 16:34:28 GMT] "GET /login HTTP/1.1" 200 1179 "http://localhost:3002/login" "Mozilla/5.0 (Windows NT 6.1; WOW64) AppleWebKit/537.36 (KHTML, like Gecko) Chrome/45.0.2454.101 Safari/537.36"
::1 - - [Mon, 07 Nov 2016 16:34:29 GMT] "GET /stylesheets/style.css HTTP/1.1" 200 13025 "http://localhost:3002/login" "Mozilla/5.0 (Windows NT 6.1; WOW64) AppleWebKit/537.36 (KHTML, like Gecko) Chrome/45.0.2454.101 Safari/537.36"
::1 - - [Mon, 07 Nov 2016 16:34:29 GMT] "GET /images/logo-white.svg HTTP/1.1" 304 - "http://localhost:3002/login" "Mozilla/5.0 (Windows NT 6.1; WOW64) AppleWebKit/537.36 (KHTML, like Gecko) Chrome/45.0.2454.101 Safari/537.36"
::1 - - [Mon, 07 Nov 2016 16:34:36 GMT] "GET / HTTP/1.1" 304 - "-" "Mozilla/5.0 (Windows NT 6.1; WOW64) AppleWebKit/537.36 (KHTML, like Gecko) Chrome/45.0.2454.101 Safari/537.36"
::1 - - [Mon, 07 Nov 2016 16:34:36 GMT] "GET /stylesheets/style.css HTTP/1.1" 304 - "http://localhost:3002/" "Mozilla/5.0 (Windows NT 6.1; WOW64) AppleWebKit/537.36 (KHTML, like Gecko) Chrome/45.0.2454.101 Safari/537.36"
::1 - - [Mon, 07 Nov 2016 16:34:36 GMT] "GET /media/video-banner-poster.png HTTP/1.1" 304 - "http://localhost:3002/" "Mozilla/5.0 (Windows NT 6.1; WOW64) AppleWebKit/537.36 (KHTML, like Gecko) Chrome/45.0.2454.101 Safari/537.36"
::1 - - [Mon, 07 Nov 2016 16:34:36 GMT] "GET /img/badge_blue.png HTTP/1.1" 304 - "http://localhost:3002/" "Mozilla/5.0 (Windows NT 6.1; WOW64) AppleWebKit/537.36 (KHTML, like Gecko) Chrome/45.0.2454.101 Safari/537.36"
::1 - - [Mon, 07 Nov 2016 16:34:36 GMT] "GET /media/videos-go_to_work_bg_music.mp4 HTTP/1.1" 304 - "http://localhost:3002/" "Mozilla/5.0 (Windows NT 6.1; WOW64) AppleWebKit/537.36 (KHTML, like Gecko) Chrome/45.0.2454.101 Safari/537.36"
::1 - - [Mon, 07 Nov 2016 16:34:36 GMT] "GET /images/case-more.png HTTP/1.1" 304 - "http://localhost:3002/stylesheets/style.css" "Mozilla/5.0 (Windows NT 6.1; WOW64) AppleWebKit/537.36 (KHTML, like Gecko) Chrome/45.0.2454.101 Safari/537.36"
::1 - - [Mon, 07 Nov 2016 16:34:36 GMT] "GET /images/case-teambition.jpg HTTP/1.1" 304 - "http://localhost:3002/stylesheets/style.css" "Mozilla/5.0 (Windows NT 6.1; WOW64) AppleWebKit/537.36 (KHTML, like Gecko) Chrome/45.0.2454.101 Safari/537.36"
::1 - - [Mon, 07 Nov 2016 16:34:36 GMT] "GET /images/case-administration.png HTTP/1.1" 304 - "http://localhost:3002/stylesheets/style.css" "Mozilla/5.0 (Windows NT 6.1; WOW64) AppleWebKit/537.36 (KHTML, like Gecko) Chrome/45.0.2454.101 Safari/537.36"
::1 - - [Mon, 07 Nov 2016 16:34:36 GMT] "GET /images/case-student.png HTTP/1.1" 304 - "http://localhost:3002/stylesheets/style.css" "Mozilla/5.0 (Windows NT 6.1; WOW64) AppleWebKit/537.36 (KHTML, like Gecko) Chrome/45.0.2454.101 Safari/537.36"
::1 - - [Mon, 07 Nov 2016 16:34:36 GMT] "GET /images/case-education.png HTTP/1.1" 304 - "http://localhost:3002/stylesheets/style.css" "Mozilla/5.0 (Windows NT 6.1; WOW64) AppleWebKit/537.36 (KHTML, like Gecko) Chrome/45.0.2454.101 Safari/537.36"
::1 - - [Mon, 07 Nov 2016 16:34:36 GMT] "GET /images/logo-white.svg HTTP/1.1" 304 - "http://localhost:3002/" "Mozilla/5.0 (Windows NT 6.1; WOW64) AppleWebKit/537.36 (KHTML, like Gecko) Chrome/45.0.2454.101 Safari/537.36"
::1 - - [Mon, 07 Nov 2016 16:34:36 GMT] "GET /images/case-manufacture.png HTTP/1.1" 304 - "http://localhost:3002/stylesheets/style.css" "Mozilla/5.0 (Windows NT 6.1; WOW64) AppleWebKit/537.36 (KHTML, like Gecko) Chrome/45.0.2454.101 Safari/537.36"
::1 - - [Mon, 07 Nov 2016 16:34:36 GMT] "GET /images/apps-lg.png HTTP/1.1" 304 - "http://localhost:3002/stylesheets/style.css" "Mozilla/5.0 (Windows NT 6.1; WOW64) AppleWebKit/537.36 (KHTML, like Gecko) Chrome/45.0.2454.101 Safari/537.36"
::1 - - [Mon, 07 Nov 2016 16:34:36 GMT] "GET /images/case-ad.png HTTP/1.1" 304 - "http://localhost:3002/stylesheets/style.css" "Mozilla/5.0 (Windows NT 6.1; WOW64) AppleWebKit/537.36 (KHTML, like Gecko) Chrome/45.0.2454.101 Safari/537.36"
::1 - - [Mon, 07 Nov 2016 16:34:36 GMT] "GET /images/feature-icon.png HTTP/1.1" 304 - "http://localhost:3002/stylesheets/style.css" "Mozilla/5.0 (Windows NT 6.1; WOW64) AppleWebKit/537.36 (KHTML, like Gecko) Chrome/45.0.2454.101 Safari/537.36"
::1 - - [Mon, 07 Nov 2016 16:34:36 GMT] "GET /images/banner-2td.jpg HTTP/1.1" 304 - "http://localhost:3002/stylesheets/style.css" "Mozilla/5.0 (Windows NT 6.1; WOW64) AppleWebKit/537.36 (KHTML, like Gecko) Chrome/45.0.2454.101 Safari/537.36"
::1 - - [Mon, 07 Nov 2016 16:34:36 GMT] "GET /images/banner-3nd.jpg HTTP/1.1" 304 - "http://localhost:3002/stylesheets/style.css" "Mozilla/5.0 (Windows NT 6.1; WOW64) AppleWebKit/537.36 (KHTML, like Gecko) Chrome/45.0.2454.101 Safari/537.36"
::1 - - [Mon, 07 Nov 2016 16:34:36 GMT] "GET /images/banner-1st.jpg HTTP/1.1" 304 - "http://localhost:3002/stylesheets/style.css" "Mozilla/5.0 (Windows NT 6.1; WOW64) AppleWebKit/537.36 (KHTML, like Gecko) Chrome/45.0.2454.101 Safari/537.36"
::1 - - [Mon, 07 Nov 2016 16:34:38 GMT] "GET /reg HTTP/1.1" 200 3869 "http://localhost:3002/" "Mozilla/5.0 (Windows NT 6.1; WOW64) AppleWebKit/537.36 (KHTML, like Gecko) Chrome/45.0.2454.101 Safari/537.36"
::1 - - [Mon, 07 Nov 2016 16:34:38 GMT] "GET /img/badge_blue.png HTTP/1.1" 304 - "http://localhost:3002/reg" "Mozilla/5.0 (Windows NT 6.1; WOW64) AppleWebKit/537.36 (KHTML, like Gecko) Chrome/45.0.2454.101 Safari/537.36"
::1 - - [Mon, 07 Nov 2016 16:34:38 GMT] "GET /stylesheets/style.css HTTP/1.1" 304 - "http://localhost:3002/reg" "Mozilla/5.0 (Windows NT 6.1; WOW64) AppleWebKit/537.36 (KHTML, like Gecko) Chrome/45.0.2454.101 Safari/537.36"
::1 - - [Mon, 07 Nov 2016 16:34:38 GMT] "GET /images/logo-white.svg HTTP/1.1" 304 - "http://localhost:3002/reg" "Mozilla/5.0 (Windows NT 6.1; WOW64) AppleWebKit/537.36 (KHTML, like Gecko) Chrome/45.0.2454.101 Safari/537.36"
